<?xml version="1.0" encoding="UTF-8"?>
<!-- Generated by org.testng.reporters.JUnitReportReporter -->
<testsuite hostname="hostname" failures="0" tests="1" name="com.project.tests.testSuite" time="7.432" errors="0" timestamp="2025-01-29T18:30:21 IST" skipped="0">
  <testcase classname="com.project.tests.testSuite" name="loginWithMobileNumber" time="7.432"/>
</testsuite> <!-- com.project.tests.testSuite -->
