<?xml version="1.0" encoding="UTF-8"?>
<!-- Generated by org.testng.reporters.JUnitReportReporter -->
<testsuite hostname="SALIK" failures="0" tests="3" name="com.frameworks.projectCMS.testcases.SignupTest" time="92.908" errors="0" timestamp="2025-04-14T21:44:07 IST" skipped="0">
  <testcase classname="com.frameworks.projectCMS.testcases.SignupTest" name="testSuccessfulIndividual" time="35.329"/>
  <testcase classname="com.frameworks.projectCMS.testcases.SignupTest" name="testSuccessfulOrganization" time="30.555"/>
  <testcase classname="com.frameworks.projectCMS.testcases.SignupTest" name="testNavigaionTosigninPage" time="27.024"/>
</testsuite> <!-- com.frameworks.projectCMS.testcases.SignupTest -->
