<?xml version="1.0" encoding="UTF-8"?>
<!-- Generated by org.testng.reporters.JUnitReportReporter -->
<testsuite hostname="hostname" failures="0" tests="3" name="com.frameworks.projectCMS.testcases.SignupTest" time="19.173" errors="0" timestamp="2025-04-15T12:33:51 IST" skipped="0">
  <testcase classname="com.frameworks.projectCMS.testcases.SignupTest" name="testSuccessfulIndividual" time="8.241"/>
  <testcase classname="com.frameworks.projectCMS.testcases.SignupTest" name="testSuccessfulOrganization" time="4.881"/>
  <testcase classname="com.frameworks.projectCMS.testcases.SignupTest" name="testNavigaionTosigninPage" time="6.051"/>
</testsuite> <!-- com.frameworks.projectCMS.testcases.SignupTest -->
