<?xml version="1.0" encoding="UTF-8"?>
<!-- Generated by org.testng.reporters.JUnitReportReporter -->
<testsuite hostname="SALIK" failures="0" tests="1" name="com.frameworks.projectCMS.testcases.SigninTest" time="8.958" errors="0" timestamp="2025-04-14T22:58:55 IST" skipped="0">
  <testcase classname="com.frameworks.projectCMS.testcases.SigninTest" name="testSuccessfulllogin" time="8.958"/>
</testsuite> <!-- com.frameworks.projectCMS.testcases.SigninTest -->
