<?xml version="1.0" encoding="UTF-8"?>
<!-- Generated by org.testng.reporters.JUnitReportReporter -->
<testsuite hostname="SALIK" failures="0" tests="3" name="com.frameworks.projectCMS.testcases.SignupTest" time="43.055" errors="0" timestamp="2025-04-14T22:58:55 IST" skipped="0">
  <testcase classname="com.frameworks.projectCMS.testcases.SignupTest" name="testSuccessfulIndividual" time="11.493"/>
  <testcase classname="com.frameworks.projectCMS.testcases.SignupTest" name="testSuccessfulOrganization" time="16.896"/>
  <testcase classname="com.frameworks.projectCMS.testcases.SignupTest" name="testNavigaionTosigninPage" time="14.666"/>
</testsuite> <!-- com.frameworks.projectCMS.testcases.SignupTest -->
