<?xml version="1.0" encoding="UTF-8"?>
<!-- Generated by org.testng.reporters.JUnitReportReporter -->
<testsuite hostname="hostname" failures="0" tests="1" name="com.frameworks.projectCMS.testcases.SigninTest" time="7.265" errors="0" timestamp="2025-04-15T14:10:55 IST" skipped="0">
  <testcase classname="com.frameworks.projectCMS.testcases.SigninTest" name="checkLoginLoadTime" time="7.265"/>
</testsuite> <!-- com.frameworks.projectCMS.testcases.SigninTest -->
