<?xml version="1.0" encoding="UTF-8"?>
<!-- Generated by org.testng.reporters.JUnitReportReporter -->
<testsuite hostname="SALIK" failures="0" tests="3" name="com.frameworks.projectCMS.testcases.SignupTest" time="46.165" errors="0" timestamp="2025-04-15T21:15:18 IST" skipped="0">
  <testcase classname="com.frameworks.projectCMS.testcases.SignupTest" name="testSuccessfulIndividual" time="19.587"/>
  <testcase classname="com.frameworks.projectCMS.testcases.SignupTest" name="testSuccessfulOrganization" time="15.804"/>
  <testcase classname="com.frameworks.projectCMS.testcases.SignupTest" name="testNavigaionTosigninPage" time="10.774"/>
</testsuite> <!-- com.frameworks.projectCMS.testcases.SignupTest -->
